<test id="4">
	<author/>
	<title/>
	<version/>
	<description/>	
	<test-url/>
	<source-url/>
	<evaluation/>
	<timeout/>
	<run-status timestamp=""/>
	<development-status timestamp=""/>
	<log/>
</test>